<?xml version="1.0" encoding="UTF-8"?>
<testng-results ignored="0" total="1" passed="1" failed="0" skipped="0">
  <reporter-output>
  </reporter-output>
  <suite started-at="2024-10-17T12:10:55 IST" name="Default suite" finished-at="2024-10-17T12:12:00 IST" duration-ms="64346">
    <groups>
    </groups>
    <test started-at="2024-10-17T12:10:55 IST" name="Default test" finished-at="2024-10-17T12:12:00 IST" duration-ms="64346">
      <class name="com.systima.mytag.testcases.CardsPageTest">
        <test-method is-config="true" signature="setUp()[pri:0, instance:com.systima.mytag.testcases.CardsPageTest@683dbc2c]" started-at="2024-10-17T12:10:55 IST" name="setUp" finished-at="2024-10-17T12:11:01 IST" duration-ms="5348" status="PASS">
          <reporter-output>
          </reporter-output>
        </test-method> <!-- setUp -->
        <test-method signature="addcardTest()[pri:0, instance:com.systima.mytag.testcases.CardsPageTest@683dbc2c]" started-at="2024-10-17T12:11:01 IST" name="addcardTest" finished-at="2024-10-17T12:12:00 IST" duration-ms="58953" status="PASS">
          <reporter-output>
          </reporter-output>
        </test-method> <!-- addcardTest -->
      </class> <!-- com.systima.mytag.testcases.CardsPageTest -->
    </test> <!-- Default test -->
  </suite> <!-- Default suite -->
</testng-results>
